<?xml version="1.0" encoding="UTF-8"?>
<!-- Generated by org.testng.reporters.JUnitXMLReporter -->
<testsuite hostname="DESKTOP-BN3PUO8" ignored="2" name="Incident" tests="2" failures="0" timestamp="2023-03-26T17:39:15 IST" time="13.693" errors="0">
  <testcase name="createIncident" time="8.818" classname="tests.rest.TC001_CreateIncident"/>
  <testcase name="createCR" time="4.787" classname="tests.rest.TC003_CreateChangeRequest"/>
  <testcase name="@BeforeSuite beforeSuite" time="0.0" classname="lib.rest.PreAndTest">
    <ignored/>
  </testcase> <!-- @BeforeSuite beforeSuite -->
  <testcase name="@AfterSuite afterSuite" time="0.0" classname="lib.rest.PreAndTest">
    <ignored/>
  </testcase> <!-- @AfterSuite afterSuite -->
</testsuite> <!-- Incident -->
