<?xml version="1.0" encoding="UTF-8"?>
<!-- Generated by org.testng.reporters.JUnitXMLReporter -->
<testsuite hostname="DESKTOP-82G9DU9" ignored="2" name="Test" tests="3" failures="0" timestamp="2023-04-02T11:30:03 IST" time="56.691" errors="0">
  <testcase name="runVerifyLogin" time="2.101" classname="com.leafBot.testcases.TC001_LoginLogOut"/>
  <testcase name="createLead" time="15.929" classname="com.leafBot.testcases.TC003_CreateLead"/>
  <testcase name="createLead" time="24.521" classname="com.leafBot.testcases.TC003_CreateLead"/>
  <testcase name="@BeforeSuite startReport" time="0.0" classname="utils.Reporter">
    <ignored/>
  </testcase> <!-- @BeforeSuite startReport -->
  <testcase name="@AfterSuite stopReport" time="0.0" classname="utils.Reporter">
    <ignored/>
  </testcase> <!-- @AfterSuite stopReport -->
</testsuite> <!-- Test -->
