<?xml version="1.0" encoding="UTF-8"?>
<testng-results ignored="0" total="5" passed="5" failed="0" skipped="0">
  <reporter-output>
  </reporter-output>
  <suite started-at="2023-06-24T12:18:26 IST" name="Default suite" finished-at="2023-06-24T12:18:59 IST" duration-ms="32918">
    <groups>
      <group name="cucumber">
        <method signature="AbstractTestNGCucumberTests.runScenario(io.cucumber.testng.PickleWrapper,io.cucumber.testng.FeatureWrapper)[pri:0, instance:runner.RunTests@2ed2d9cb]" name="runScenario" class="io.cucumber.testng.AbstractTestNGCucumberTests"/>
      </group> <!-- cucumber -->
    </groups>
    <test started-at="2023-06-24T12:18:26 IST" name="Default test" finished-at="2023-06-24T12:18:59 IST" duration-ms="32918">
      <class name="runner.RunTests">
        <test-method is-config="true" signature="setUpClass(org.testng.ITestContext)[pri:0, instance:runner.RunTests@2ed2d9cb]" started-at="2023-06-24T12:18:26 IST" name="setUpClass" finished-at="2023-06-24T12:18:28 IST" duration-ms="1306" status="PASS">
          <params>
            <param index="0">
              <value>
                <![CDATA[org.testng.TestRunner@51132514]]>
              </value>
            </param>
          </params>
          <reporter-output>
          </reporter-output>
        </test-method> <!-- setUpClass -->
        <test-method signature="runScenario(io.cucumber.testng.PickleWrapper,io.cucumber.testng.FeatureWrapper)[pri:0, instance:runner.RunTests@2ed2d9cb]" started-at="2023-06-24T12:18:28 IST" name="runScenario" description="Runs Cucumber Scenarios" data-provider="scenarios" finished-at="2023-06-24T12:18:42 IST" duration-ms="14545" status="PASS">
          <params>
            <param index="0">
              <value>
                <![CDATA["Get Incidents"]]>
              </value>
            </param>
            <param index="1">
              <value>
                <![CDATA["Incident Management"]]>
              </value>
            </param>
          </params>
          <reporter-output>
          </reporter-output>
        </test-method> <!-- runScenario -->
        <test-method signature="runScenario(io.cucumber.testng.PickleWrapper,io.cucumber.testng.FeatureWrapper)[pri:0, instance:runner.RunTests@2ed2d9cb]" started-at="2023-06-24T12:18:42 IST" name="runScenario" description="Runs Cucumber Scenarios" data-provider="scenarios" finished-at="2023-06-24T12:18:47 IST" duration-ms="4625" status="PASS">
          <params>
            <param index="0">
              <value>
                <![CDATA["Create Incident with string body"]]>
              </value>
            </param>
            <param index="1">
              <value>
                <![CDATA["Incident Management"]]>
              </value>
            </param>
          </params>
          <reporter-output>
          </reporter-output>
        </test-method> <!-- runScenario -->
        <test-method signature="runScenario(io.cucumber.testng.PickleWrapper,io.cucumber.testng.FeatureWrapper)[pri:0, instance:runner.RunTests@2ed2d9cb]" started-at="2023-06-24T12:18:47 IST" name="runScenario" description="Runs Cucumber Scenarios" data-provider="scenarios" finished-at="2023-06-24T12:18:50 IST" duration-ms="3435" status="PASS">
          <params>
            <param index="0">
              <value>
                <![CDATA["Create Incident with Multiple files"]]>
              </value>
            </param>
            <param index="1">
              <value>
                <![CDATA["Incident Management"]]>
              </value>
            </param>
          </params>
          <reporter-output>
          </reporter-output>
        </test-method> <!-- runScenario -->
        <test-method signature="runScenario(io.cucumber.testng.PickleWrapper,io.cucumber.testng.FeatureWrapper)[pri:0, instance:runner.RunTests@2ed2d9cb]" started-at="2023-06-24T12:18:50 IST" name="runScenario" description="Runs Cucumber Scenarios" data-provider="scenarios" finished-at="2023-06-24T12:18:54 IST" duration-ms="3475" status="PASS">
          <params>
            <param index="0">
              <value>
                <![CDATA["Create Incident with Multiple files"]]>
              </value>
            </param>
            <param index="1">
              <value>
                <![CDATA["Incident Management"]]>
              </value>
            </param>
          </params>
          <reporter-output>
          </reporter-output>
        </test-method> <!-- runScenario -->
        <test-method signature="runScenario(io.cucumber.testng.PickleWrapper,io.cucumber.testng.FeatureWrapper)[pri:0, instance:runner.RunTests@2ed2d9cb]" started-at="2023-06-24T12:18:54 IST" name="runScenario" description="Runs Cucumber Scenarios" data-provider="scenarios" finished-at="2023-06-24T12:18:58 IST" duration-ms="4005" status="PASS">
          <params>
            <param index="0">
              <value>
                <![CDATA["Get Incidents with QP"]]>
              </value>
            </param>
            <param index="1">
              <value>
                <![CDATA["Incident Management"]]>
              </value>
            </param>
          </params>
          <reporter-output>
          </reporter-output>
        </test-method> <!-- runScenario -->
        <test-method is-config="true" signature="tearDownClass()[pri:0, instance:runner.RunTests@2ed2d9cb]" started-at="2023-06-24T12:18:58 IST" name="tearDownClass" finished-at="2023-06-24T12:18:59 IST" duration-ms="1445" status="PASS">
          <reporter-output>
          </reporter-output>
        </test-method> <!-- tearDownClass -->
      </class> <!-- runner.RunTests -->
    </test> <!-- Default test -->
  </suite> <!-- Default suite -->
</testng-results>
