<?xml version="1.0" encoding="UTF-8"?>
<testng-results ignored="0" total="1" passed="1" failed="0" skipped="0">
  <reporter-output>
  </reporter-output>
  <suite started-at="2023-06-04T17:08:12 IST" name="Default suite" finished-at="2023-06-04T17:08:20 IST" duration-ms="7764">
    <groups>
    </groups>
    <test started-at="2023-06-04T17:08:12 IST" name="Default test" finished-at="2023-06-04T17:08:20 IST" duration-ms="7764">
      <class name="tests.rest.TC001_CreateIncident">
        <test-method is-config="true" signature="beforeSuite()[pri:0, instance:tests.rest.TC001_CreateIncident@2ddc9a9f]" started-at="2023-06-04T17:08:11 IST" name="beforeSuite" finished-at="2023-06-04T17:08:12 IST" duration-ms="1161" status="PASS">
          <reporter-output>
          </reporter-output>
        </test-method> <!-- beforeSuite -->
        <test-method is-config="true" signature="setValues()[pri:0, instance:tests.rest.TC001_CreateIncident@2ddc9a9f]" started-at="2023-06-04T17:08:12 IST" name="setValues" finished-at="2023-06-04T17:08:12 IST" duration-ms="0" status="PASS">
          <reporter-output>
          </reporter-output>
        </test-method> <!-- setValues -->
        <test-method is-config="true" signature="beforeClass()[pri:0, instance:tests.rest.TC001_CreateIncident@2ddc9a9f]" started-at="2023-06-04T17:08:12 IST" name="beforeClass" finished-at="2023-06-04T17:08:12 IST" duration-ms="5" status="PASS">
          <reporter-output>
          </reporter-output>
        </test-method> <!-- beforeClass -->
        <test-method is-config="true" signature="beforeMethod()[pri:0, instance:tests.rest.TC001_CreateIncident@2ddc9a9f]" started-at="2023-06-04T17:08:12 IST" name="beforeMethod" finished-at="2023-06-04T17:08:12 IST" duration-ms="121" status="PASS">
          <reporter-output>
          </reporter-output>
        </test-method> <!-- beforeMethod -->
        <test-method signature="createIncident(java.io.File)[pri:0, instance:tests.rest.TC001_CreateIncident@2ddc9a9f]" started-at="2023-06-04T17:08:12 IST" name="createIncident" data-provider="fetchData" finished-at="2023-06-04T17:08:20 IST" duration-ms="7556" status="PASS">
          <params>
            <param index="0">
              <value>
                <![CDATA[.\data\TC001.JSON]]>
              </value>
            </param>
          </params>
          <reporter-output>
          </reporter-output>
        </test-method> <!-- createIncident -->
        <test-method is-config="true" signature="afterSuite()[pri:0, instance:tests.rest.TC001_CreateIncident@2ddc9a9f]" started-at="2023-06-04T17:08:20 IST" name="afterSuite" finished-at="2023-06-04T17:08:21 IST" duration-ms="771" status="PASS">
          <reporter-output>
          </reporter-output>
        </test-method> <!-- afterSuite -->
      </class> <!-- tests.rest.TC001_CreateIncident -->
    </test> <!-- Default test -->
  </suite> <!-- Default suite -->
</testng-results>
