<?xml version="1.0" encoding="UTF-8"?>
<!-- Generated by org.testng.reporters.JUnitXMLReporter -->
<testsuite hostname="DESKTOP-82G9DU9" ignored="2" name="Default test" tests="2" failures="0" timestamp="2023-04-01T12:42:42 IST" time="31.447" errors="0">
  <testcase name="runVerifyCreateLead" time="9.472" classname="testcases.CreateLeadTest"/>
  <testcase name="runVerifyEditLead" time="13.251" classname="testcases.EditLeadTest"/>
  <testcase name="@AfterSuite stopReport" time="0.0" classname="base.ProjectSpecificMethods">
    <ignored/>
  </testcase> <!-- @AfterSuite stopReport -->
  <testcase name="@BeforeSuite startReport" time="0.0" classname="base.ProjectSpecificMethods">
    <ignored/>
  </testcase> <!-- @BeforeSuite startReport -->
</testsuite> <!-- Default test -->
