<?xml version="1.0" encoding="UTF-8"?>
<testsuite xmlns:xsi="http://www.w3.org/2001/XMLSchema-instance" xsi:noNamespaceSchemaLocation="https://maven.apache.org/surefire/maven-surefire-plugin/xsd/surefire-test-report.xsd" name="TestSuite" time="101.533" tests="4" errors="0" skipped="0" failures="2">
  <properties>
[...]
</properties>
  <testcase name="createIncident" classname="tests.rest.TC001_CreateIncident" time="9.392"/>
  <testcase name="createCR" classname="tests.rest.TC003_CreateChangeRequest" time="5.016"/>
  <testcase name="createIncident" classname="tests.selenium.TC002_CreateIncidentAndGetFromRest" time="27.428">
    <failure message="javascript error: Cannot read properties of null (reading &apos;shadowRoot&apos;)&#10;  (Session info: chrome=111.0.5563.111)&#10;Build info: version: &apos;4.0.0-alpha-3&apos;, revision: &apos;8c567de6dc&apos;&#10;System info: host: &apos;DESKTOP-BN3PUO8&apos;, ip: &apos;10.0.0.11&apos;, os.name: &apos;Windows 10&apos;, os.arch: &apos;amd64&apos;, os.version: &apos;10.0&apos;, java.version: &apos;17.0.2&apos;&#10;Driver info: org.openqa.selenium.chrome.ChromeDriver&#10;Capabilities {acceptInsecureCerts: false, browserName: chrome, browserVersion: 111.0.5563.111, chrome: {chromedriverVersion: 111.0.5563.64 (c710e93d5b63..., userDataDir: C:\Users\dell\AppData\Local...}, goog:chromeOptions: {debuggerAddress: localhost:54299}, javascriptEnabled: true, networkConnectionEnabled: false, pageLoadStrategy: normal, platform: WINDOWS, platformName: WINDOWS, proxy: Proxy(), setWindowRect: true, strictFileInteractability: false, timeouts: {implicit: 0, pageLoad: 300000, script: 30000}, unhandledPromptBehavior: dismiss and notify, webauthn:extension:credBlob: true, webauthn:extension:largeBlob: true, webauthn:extension:minPinLength: true, webauthn:extension:prf: true, webauthn:virtualAuthenticators: true}&#10;Session ID: 543bbb432da8f369b135b35462fc323a" type="org.openqa.selenium.JavascriptException">org.openqa.selenium.JavascriptException: 
javascript error: Cannot read properties of null (reading 'shadowRoot')
  (Session info: chrome=111.0.5563.111)
Build info: version: '4.0.0-alpha-3', revision: '8c567de6dc'
System info: host: 'DESKTOP-BN3PUO8', ip: '10.0.0.11', os.name: 'Windows 10', os.arch: 'amd64', os.version: '10.0', java.version: '17.0.2'
Driver info: org.openqa.selenium.chrome.ChromeDriver
Capabilities {acceptInsecureCerts: false, browserName: chrome, browserVersion: 111.0.5563.111, chrome: {chromedriverVersion: 111.0.5563.64 (c710e93d5b63..., userDataDir: C:\Users\dell\AppData\Local...}, goog:chromeOptions: {debuggerAddress: localhost:54299}, javascriptEnabled: true, networkConnectionEnabled: false, pageLoadStrategy: normal, platform: WINDOWS, platformName: WINDOWS, proxy: Proxy(), setWindowRect: true, strictFileInteractability: false, timeouts: {implicit: 0, pageLoad: 300000, script: 30000}, unhandledPromptBehavior: dismiss and notify, webauthn:extension:credBlob: true, webauthn:extension:largeBlob: true, webauthn:extension:minPinLength: true, webauthn:extension:prf: true, webauthn:virtualAuthenticators: true}
Session ID: 543bbb432da8f369b135b35462fc323a
	at tests.selenium.TC002_CreateIncidentAndGetFromRest.createIncident(TC002_CreateIncidentAndGetFromRest.java:33)
</failure>
    <system-out><![CDATA[./data/TC002.xlsx
]]></system-out>
    <system-err><![CDATA[ChromeDriver was started successfully.
Mar 26, 2023 5:36:41 PM org.openqa.selenium.remote.ProtocolHandshake createSession
INFO: Detected dialect: W3C
]]></system-err>
  </testcase>
  <testcase name="createIncident" classname="tests.selenium.TC003_CreateIncidentUsingRestAndVerifyUsingSelenium" time="33.129">
    <failure message="javascript error: Cannot read properties of null (reading &apos;shadowRoot&apos;)&#10;  (Session info: chrome=111.0.5563.111)&#10;Build info: version: &apos;4.0.0-alpha-3&apos;, revision: &apos;8c567de6dc&apos;&#10;System info: host: &apos;DESKTOP-BN3PUO8&apos;, ip: &apos;10.0.0.11&apos;, os.name: &apos;Windows 10&apos;, os.arch: &apos;amd64&apos;, os.version: &apos;10.0&apos;, java.version: &apos;17.0.2&apos;&#10;Driver info: org.openqa.selenium.chrome.ChromeDriver&#10;Capabilities {acceptInsecureCerts: false, browserName: chrome, browserVersion: 111.0.5563.111, chrome: {chromedriverVersion: 111.0.5563.64 (c710e93d5b63..., userDataDir: C:\Users\dell\AppData\Local...}, goog:chromeOptions: {debuggerAddress: localhost:54335}, javascriptEnabled: true, networkConnectionEnabled: false, pageLoadStrategy: normal, platform: WINDOWS, platformName: WINDOWS, proxy: Proxy(), setWindowRect: true, strictFileInteractability: false, timeouts: {implicit: 0, pageLoad: 300000, script: 30000}, unhandledPromptBehavior: dismiss and notify, webauthn:extension:credBlob: true, webauthn:extension:largeBlob: true, webauthn:extension:minPinLength: true, webauthn:extension:prf: true, webauthn:virtualAuthenticators: true}&#10;Session ID: 07ab8d4367cb135ba8688998b0d284b4" type="org.openqa.selenium.JavascriptException">org.openqa.selenium.JavascriptException: 
javascript error: Cannot read properties of null (reading 'shadowRoot')
  (Session info: chrome=111.0.5563.111)
Build info: version: '4.0.0-alpha-3', revision: '8c567de6dc'
System info: host: 'DESKTOP-BN3PUO8', ip: '10.0.0.11', os.name: 'Windows 10', os.arch: 'amd64', os.version: '10.0', java.version: '17.0.2'
Driver info: org.openqa.selenium.chrome.ChromeDriver
Capabilities {acceptInsecureCerts: false, browserName: chrome, browserVersion: 111.0.5563.111, chrome: {chromedriverVersion: 111.0.5563.64 (c710e93d5b63..., userDataDir: C:\Users\dell\AppData\Local...}, goog:chromeOptions: {debuggerAddress: localhost:54335}, javascriptEnabled: true, networkConnectionEnabled: false, pageLoadStrategy: normal, platform: WINDOWS, platformName: WINDOWS, proxy: Proxy(), setWindowRect: true, strictFileInteractability: false, timeouts: {implicit: 0, pageLoad: 300000, script: 30000}, unhandledPromptBehavior: dismiss and notify, webauthn:extension:credBlob: true, webauthn:extension:largeBlob: true, webauthn:extension:minPinLength: true, webauthn:extension:prf: true, webauthn:virtualAuthenticators: true}
Session ID: 07ab8d4367cb135ba8688998b0d284b4
	at tests.selenium.TC003_CreateIncidentUsingRestAndVerifyUsingSelenium.createIncident(TC003_CreateIncidentUsingRestAndVerifyUsingSelenium.java:45)
</failure>
    <system-out><![CDATA[./data/TC003.xlsx
Request method:	POST
Request URI:	https://dev98682.service-now.com/api/now/table/incident
Proxy:			<none>
Request params:	<none>
Query params:	<none>
Form params:	<none>
Path params:	<none>
Headers:		Accept=*/*
				Content-Type=application/json
Cookies:		<none>
Multiparts:		<none>
Body:			<none>
{
    "result": {
        "parent": "",
        "made_sla": "true",
        "caused_by": "",
        "watch_list": "",
        "upon_reject": "cancel",
        "sys_updated_on": "2023-03-26 12:06:30",
        "child_incidents": "0",
        "hold_reason": "",
        "origin_table": "",
        "task_effective_number": "INC0010003",
        "approval_history": "",
        "skills": "",
        "number": "INC0010003",
        "resolved_by": "",
        "sys_updated_by": "admin",
        "opened_by": {
            "link": "https://dev98682.service-now.com/api/now/table/sys_user/6816f79cc0a8016401c5a33be04be441",
            "value": "6816f79cc0a8016401c5a33be04be441"
        },
        "user_input": "",
        "sys_created_on": "2023-03-26 12:06:30",
        "sys_domain": {
            "link": "https://dev98682.service-now.com/api/now/table/sys_user_group/global",
            "value": "global"
        },
        "state": "1",
        "route_reason": "",
        "sys_created_by": "admin",
        "knowledge": "false",
        "order": "",
        "calendar_stc": "",
        "closed_at": "",
        "cmdb_ci": "",
        "delivery_plan": "",
        "contract": "",
        "impact": "3",
        "active": "true",
        "work_notes_list": "",
        "business_service": "",
        "business_impact": "",
        "priority": "5",
        "sys_domain_path": "/",
        "rfc": "",
        "time_worked": "",
        "expected_start": "",
        "opened_at": "2023-03-26 12:06:30",
        "business_duration": "",
        "group_list": "",
        "work_end": "",
        "caller_id": "",
        "reopened_time": "",
        "resolved_at": "",
        "approval_set": "",
        "subcategory": "",
        "work_notes": "",
        "needs_attention": "false",
        "universal_request": "",
        "short_description": "",
        "close_code": "",
        "correlation_display": "",
        "delivery_task": "",
        "work_start": "",
        "assignment_group": "",
        "additional_assignee_list": "",
        "business_stc": "",
        "cause": "",
        "description": "",
        "origin_id": "",
        "calendar_duration": "",
        "close_notes": "",
        "notify": "1",
        "service_offering": "",
        "sys_class_name": "incident",
        "closed_by": "",
        "follow_up": "",
        "parent_incident": "",
        "sys_id": "271cf63d47f92110ae4eb1a8536d43c5",
        "contact_type": "",
        "reopened_by": "",
        "incident_state": "1",
        "urgency": "3",
        "problem_id": "",
        "company": "",
        "reassignment_count": "0",
        "activity_due": "",
        "action_status": "",
        "assigned_to": "",
        "severity": "3",
        "comments": "",
        "approval": "not requested",
        "sla_due": "",
        "comments_and_work_notes": "",
        "due_date": "",
        "sys_mod_count": "0",
        "reopen_count": "0",
        "sys_tags": "",
        "escalation": "0",
        "upon_approval": "proceed",
        "correlation_id": "",
        "location": "",
        "category": "inquiry"
    }
}
]]></system-out>
    <system-err><![CDATA[ChromeDriver was started successfully.
Mar 26, 2023 5:37:18 PM org.openqa.selenium.remote.ProtocolHandshake createSession
INFO: Detected dialect: W3C
]]></system-err>
  </testcase>
</testsuite>